<?xml version="1.0" encoding="UTF-8"?>
<testsuite xmlns:xsi="http://www.w3.org/2001/XMLSchema-instance" xsi:noNamespaceSchemaLocation="https://maven.apache.org/surefire/maven-surefire-plugin/xsd/surefire-test-report-3.0.xsd" version="3.0" name="com.cognizant.UserRepositoryTest" time="3.425" tests="1" errors="0" skipped="0" failures="0">
  <properties>
[...]
</properties>
  <testcase name="testFindByName" classname="com.cognizant.UserRepositoryTest" time="0.476">
    <system-out><![CDATA[16:22:40.257 [main] INFO org.springframework.test.context.support.AnnotationConfigContextLoaderUtils -- Could not detect default configuration classes for test class [com.cognizant.UserRepositoryTest]: UserRepositoryTest does not declare any static, non-private, non-final, nested classes annotated with @Configuration.
16:22:40.390 [main] INFO org.springframework.boot.test.context.SpringBootTestContextBootstrapper -- Found @SpringBootConfiguration com.cognizant.Exercise7Application for test class com.cognizant.UserRepositoryTest

  .   ____          _            __ _ _
 /\\ / ___'_ __ _ _(_)_ __  __ _ \ \ \ \
( ( )\___ | '_ | '_| | '_ \/ _` | \ \ \ \
 \\/  ___)| |_)| | | | | || (_| |  ) ) ) )
  '  |____| .__|_| |_|_| |_\__, | / / / /
 =========|_|==============|___/=/_/_/_/

 :: Spring Boot ::                (v3.3.2)

2026-07-30T16:22:40.733+05:30  INFO 43848 --- [           main] com.cognizant.UserRepositoryTest         : Starting UserRepositoryTest using Java 26.0.1 with PID 43848 (started by avina in C:\Users\avina\Desktop\cognizant\cognizant-dn5-java-fse-angular\Week-4-JUnit-testing\Spring-Testing\Exercise-7-TestCustomRepositoryQuery)
2026-07-30T16:22:40.734+05:30  INFO 43848 --- [           main] com.cognizant.UserRepositoryTest         : No active profile set, falling back to 1 default profile: "default"
2026-07-30T16:22:41.084+05:30  INFO 43848 --- [           main] .s.d.r.c.RepositoryConfigurationDelegate : Bootstrapping Spring Data JPA repositories in DEFAULT mode.
2026-07-30T16:22:41.131+05:30  INFO 43848 --- [           main] .s.d.r.c.RepositoryConfigurationDelegate : Finished Spring Data repository scanning in 38 ms. Found 1 JPA repository interface.
2026-07-30T16:22:41.178+05:30  INFO 43848 --- [           main] beddedDataSourceBeanFactoryPostProcessor : Replacing 'dataSource' DataSource bean with embedded version
2026-07-30T16:22:41.358+05:30  INFO 43848 --- [           main] o.s.j.d.e.EmbeddedDatabaseFactory        : Starting embedded database: url='jdbc:h2:mem:2c02ba90-704b-4ab8-95e4-c9fef6f62ce2;DB_CLOSE_DELAY=-1;DB_CLOSE_ON_EXIT=false', username='sa'
2026-07-30T16:22:41.644+05:30  INFO 43848 --- [           main] o.hibernate.jpa.internal.util.LogHelper  : HHH000204: Processing PersistenceUnitInfo [name: default]
2026-07-30T16:22:41.697+05:30  INFO 43848 --- [           main] org.hibernate.Version                    : HHH000412: Hibernate ORM core version 6.5.2.Final
2026-07-30T16:22:41.734+05:30  INFO 43848 --- [           main] o.h.c.internal.RegionFactoryInitiator    : HHH000026: Second-level cache disabled
2026-07-30T16:22:42.036+05:30  INFO 43848 --- [           main] o.s.o.j.p.SpringPersistenceUnitInfo      : No LoadTimeWeaver setup: ignoring JPA class transformer
2026-07-30T16:22:42.746+05:30  INFO 43848 --- [           main] o.h.e.t.j.p.i.JtaPlatformInitiator       : HHH000489: No JTA platform available (set 'hibernate.transaction.jta.platform' to enable JTA platform integration)
Hibernate: drop table if exists users cascade 
Hibernate: create table users (id bigint not null, name varchar(255), primary key (id))
2026-07-30T16:22:42.773+05:30  INFO 43848 --- [           main] j.LocalContainerEntityManagerFactoryBean : Initialized JPA EntityManagerFactory for persistence unit 'default'
2026-07-30T16:22:43.065+05:30  INFO 43848 --- [           main] com.cognizant.UserRepositoryTest         : Started UserRepositoryTest in 2.615 seconds (process running for 3.48)
Hibernate: select u1_0.id,u1_0.name from users u1_0 where u1_0.id=?
Hibernate: select u1_0.id,u1_0.name from users u1_0 where u1_0.id=?
Hibernate: insert into users (name,id) values (?,?)
Hibernate: insert into users (name,id) values (?,?)
Hibernate: select u1_0.id,u1_0.name from users u1_0 where u1_0.name=?
]]></system-out>
    <system-err><![CDATA[WARNING: A Java agent has been loaded dynamically (C:\Users\avina\.m2\repository\net\bytebuddy\byte-buddy-agent\1.14.18\byte-buddy-agent-1.14.18.jar)
WARNING: If a serviceability tool is in use, please run with -XX:+EnableDynamicAgentLoading to hide this warning
WARNING: If a serviceability tool is not in use, please run with -Djdk.instrument.traceUsage for more information
WARNING: Dynamic loading of agents will be disallowed by default in a future release
]]></system-err>
  </testcase>
</testsuite>