<?xml version="1.0" encoding="UTF-8"?>
<testsuite xmlns:xsi="http://www.w3.org/2001/XMLSchema-instance" xsi:noNamespaceSchemaLocation="https://maven.apache.org/surefire/maven-surefire-plugin/xsd/surefire-test-report-3.0.xsd" version="3.0" name="com.cognizant.UserIntegrationTest" time="2.53" tests="1" errors="0" skipped="0" failures="0">
  <properties>
[...]
</properties>
  <testcase name="testGetUserIntegration" classname="com.cognizant.UserIntegrationTest" time="0.193">
    <system-out><![CDATA[23:15:16.239 [main] INFO org.springframework.test.context.support.AnnotationConfigContextLoaderUtils -- Could not detect default configuration classes for test class [com.cognizant.UserIntegrationTest]: UserIntegrationTest does not declare any static, non-private, non-final, nested classes annotated with @Configuration.
23:15:16.383 [main] INFO org.springframework.boot.test.context.SpringBootTestContextBootstrapper -- Found @SpringBootConfiguration com.cognizant.Exercise3Application for test class com.cognizant.UserIntegrationTest

  .   ____          _            __ _ _
 /\\ / ___'_ __ _ _(_)_ __  __ _ \ \ \ \
( ( )\___ | '_ | '_| | '_ \/ _` | \ \ \ \
 \\/  ___)| |_)| | | | | || (_| |  ) ) ) )
  '  |____| .__|_| |_|_| |_\__, | / / / /
 =========|_|==============|___/=/_/_/_/

 :: Spring Boot ::                (v3.3.2)

2026-07-30T23:15:16.736+05:30  INFO 51628 --- [           main] com.cognizant.UserIntegrationTest        : Starting UserIntegrationTest using Java 26.0.1 with PID 51628 (started by avina in C:\Users\avina\Desktop\cognizant\cognizant-dn5-java-fse-angular\Week-4-JUnit-testing\Mock-Dependencies\Exercise-3-MockingServiceDependencyIntegrationTest)
2026-07-30T23:15:16.737+05:30  INFO 51628 --- [           main] com.cognizant.UserIntegrationTest        : No active profile set, falling back to 1 default profile: "default"
2026-07-30T23:15:18.405+05:30  INFO 51628 --- [           main] o.s.b.t.m.w.SpringBootMockServletContext : Initializing Spring TestDispatcherServlet ''
2026-07-30T23:15:18.407+05:30  INFO 51628 --- [           main] o.s.t.web.servlet.TestDispatcherServlet  : Initializing Servlet ''
2026-07-30T23:15:18.408+05:30  INFO 51628 --- [           main] o.s.t.web.servlet.TestDispatcherServlet  : Completed initialization in 0 ms
2026-07-30T23:15:18.424+05:30  INFO 51628 --- [           main] com.cognizant.UserIntegrationTest        : Started UserIntegrationTest in 1.916 seconds (process running for 2.816)
]]></system-out>
    <system-err><![CDATA[WARNING: A Java agent has been loaded dynamically (C:\Users\avina\.m2\repository\net\bytebuddy\byte-buddy-agent\1.14.18\byte-buddy-agent-1.14.18.jar)
WARNING: If a serviceability tool is in use, please run with -XX:+EnableDynamicAgentLoading to hide this warning
WARNING: If a serviceability tool is not in use, please run with -Djdk.instrument.traceUsage for more information
WARNING: Dynamic loading of agents will be disallowed by default in a future release
]]></system-err>
  </testcase>
</testsuite>